<?xml version="1.0" encoding="UTF-8"?>
<!-- Generated by org.testng.reporters.JUnitXMLReporter -->
<testsuite ignored="0" hostname="Virens-MacBook-Pro.local" failures="0" tests="4" name="Default test" time="77.275" errors="0" timestamp="2023-09-14T08:22:02 PDT">
  <testcase classname="tests.TC1LoginTest" name="loginTest1" time="24.275"/>
  <testcase classname="tests.TC1LoginTest" name="loginTest4B" time="25.599"/>
  <testcase classname="tests.TC1LoginTest" name="loginTest4A" time="8.231"/>
  <testcase classname="tests.TC1LoginTest" name="loginTest2" time="8.299"/>
</testsuite> <!-- Default test -->
